{
  "RSpec": {
    "coverage": {
      "/Users/mehmetucarucar/Desktop/makers/makers-projects/weekday-challanges/week-10/Bank_Ruby/spec/account_spec.rb": {
        "lines": [
          1,
          1,
          11,
          2,
          1,
          1,
          1,
          null,
          null,
          1,
          1,
          null,
          null,
          1,
          1,
          null,
          null,
          1,
          1,
          1,
          1,
          null,
          null,
          1,
          2,
          null,
          null,
          1,
          1,
          1,
          0,
          null,
          null,
          null,
          1,
          1,
          null,
          null,
          1,
          1,
          1,
          1,
          null,
          null,
          1,
          1,
          null,
          null,
          null,
          null,
          null,
          null,
          null,
          null,
          1,
          null,
          1,
          null,
          2,
          null,
          null,
          1,
          1,
          1,
          1,
          null,
          null,
          1,
          1,
          1,
          null,
          null,
          null
        ]
      },
      "/Users/mehmetucarucar/Desktop/makers/makers-projects/weekday-challanges/week-10/Bank_Ruby/lib/account.rb": {
        "lines": [
          1,
          1,
          1,
          1,
          1,
          null,
          1,
          1,
          12,
          12,
          null,
          null,
          1,
          6,
          6,
          6,
          6,
          6,
          null,
          null,
          1,
          5,
          5,
          5,
          5,
          4,
          null,
          4,
          4,
          null,
          null,
          1,
          10,
          null,
          null,
          1,
          1,
          1,
          1,
          1,
          2,
          2,
          null,
          1,
          1,
          1,
          null,
          null
        ]
      },
      "/Users/mehmetucarucar/Desktop/makers/makers-projects/weekday-challanges/week-10/Bank_Ruby/spec/bank_spec.rb": {
        "lines": [
          1,
          1,
          1,
          1,
          1,
          null,
          null
        ]
      },
      "/Users/mehmetucarucar/Desktop/makers/makers-projects/weekday-challanges/week-10/Bank_Ruby/lib/bank.rb": {
        "lines": [
          1,
          1,
          1,
          1,
          1,
          null,
          null
        ]
      }
    },
    "timestamp": 1645534277
  }
}
